   1               		.file	"I2c.c"
   2               	__SP_H__ = 0x3e
   3               	__SP_L__ = 0x3d
   4               	__SREG__ = 0x3f
   5               	__tmp_reg__ = 0
   6               	__zero_reg__ = 1
   8               		.text
   9               	.Ltext0:
 114               	.global	I2C_start
 116               	I2C_start:
   1:/Users/morgan/Documents/ProjetTondeuse/CarteMere/LawnMower_MotherBoard/LawnMower_MotherBoard/I2c.c **** //
   2:/Users/morgan/Documents/ProjetTondeuse/CarteMere/LawnMower_MotherBoard/LawnMower_MotherBoard/I2c.c **** //  I2c.c
   3:/Users/morgan/Documents/ProjetTondeuse/CarteMere/LawnMower_MotherBoard/LawnMower_MotherBoard/I2c.c **** //  LawnMower_MotherBoard
   4:/Users/morgan/Documents/ProjetTondeuse/CarteMere/LawnMower_MotherBoard/LawnMower_MotherBoard/I2c.c **** //
   5:/Users/morgan/Documents/ProjetTondeuse/CarteMere/LawnMower_MotherBoard/LawnMower_MotherBoard/I2c.c **** //  Created by morgan on 28/01/2020.
   6:/Users/morgan/Documents/ProjetTondeuse/CarteMere/LawnMower_MotherBoard/LawnMower_MotherBoard/I2c.c **** //  Copyright © 2020 morgan venandy. All rights reserved.
   7:/Users/morgan/Documents/ProjetTondeuse/CarteMere/LawnMower_MotherBoard/LawnMower_MotherBoard/I2c.c **** //
   8:/Users/morgan/Documents/ProjetTondeuse/CarteMere/LawnMower_MotherBoard/LawnMower_MotherBoard/I2c.c **** 
   9:/Users/morgan/Documents/ProjetTondeuse/CarteMere/LawnMower_MotherBoard/LawnMower_MotherBoard/I2c.c **** #include <stdio.h>
  10:/Users/morgan/Documents/ProjetTondeuse/CarteMere/LawnMower_MotherBoard/LawnMower_MotherBoard/I2c.c **** #include <avr/io.h>
  11:/Users/morgan/Documents/ProjetTondeuse/CarteMere/LawnMower_MotherBoard/LawnMower_MotherBoard/I2c.c **** 
  12:/Users/morgan/Documents/ProjetTondeuse/CarteMere/LawnMower_MotherBoard/LawnMower_MotherBoard/I2c.c **** #include "constant.h"
  13:/Users/morgan/Documents/ProjetTondeuse/CarteMere/LawnMower_MotherBoard/LawnMower_MotherBoard/I2c.c **** #include "I2c.h"
  14:/Users/morgan/Documents/ProjetTondeuse/CarteMere/LawnMower_MotherBoard/LawnMower_MotherBoard/I2c.c **** 
  15:/Users/morgan/Documents/ProjetTondeuse/CarteMere/LawnMower_MotherBoard/LawnMower_MotherBoard/I2c.c **** void I2C_start()
  16:/Users/morgan/Documents/ProjetTondeuse/CarteMere/LawnMower_MotherBoard/LawnMower_MotherBoard/I2c.c **** {
 118               	.LM0:
 119               	.LFBB1:
 120               	/* prologue: function */
 121               	/* frame size = 0 */
 122               	/* stack size = 0 */
 123               	.L__stack_usage = 0
  17:/Users/morgan/Documents/ProjetTondeuse/CarteMere/LawnMower_MotherBoard/LawnMower_MotherBoard/I2c.c ****     TWCR = (1<<TWEN) | (1<<TWINT) | (1<<TWSTA);
 125               	.LM1:
 126 0000 84EA      		ldi r24,lo8(-92)
 127 0002 8093 BC00 		sts 188,r24
 128               	.L3:
  18:/Users/morgan/Documents/ProjetTondeuse/CarteMere/LawnMower_MotherBoard/LawnMower_MotherBoard/I2c.c ****     while (!(TWCR & (1<<TWINT)));
 130               	.LM2:
 131 0006 8091 BC00 		lds r24,188
 132 000a 87FF      		sbrs r24,7
 133 000c 00C0      		rjmp .L3
 134               	/* epilogue start */
  19:/Users/morgan/Documents/ProjetTondeuse/CarteMere/LawnMower_MotherBoard/LawnMower_MotherBoard/I2c.c **** }
 136               	.LM3:
 137 000e 0895      		ret
 139               	.Lscope1:
 142               	.global	I2C_write
 144               	I2C_write:
  20:/Users/morgan/Documents/ProjetTondeuse/CarteMere/LawnMower_MotherBoard/LawnMower_MotherBoard/I2c.c **** 
  21:/Users/morgan/Documents/ProjetTondeuse/CarteMere/LawnMower_MotherBoard/LawnMower_MotherBoard/I2c.c **** void I2C_write(uint8_t addrSlave)
  22:/Users/morgan/Documents/ProjetTondeuse/CarteMere/LawnMower_MotherBoard/LawnMower_MotherBoard/I2c.c **** {
 146               	.LM4:
 147               	.LFBB2:
 148               	/* prologue: function */
 149               	/* frame size = 0 */
 150               	/* stack size = 0 */
 151               	.L__stack_usage = 0
  23:/Users/morgan/Documents/ProjetTondeuse/CarteMere/LawnMower_MotherBoard/LawnMower_MotherBoard/I2c.c ****     TWDR = addrSlave + I2C_WRITE;
 153               	.LM5:
 154 0010 8093 BB00 		sts 187,r24
  24:/Users/morgan/Documents/ProjetTondeuse/CarteMere/LawnMower_MotherBoard/LawnMower_MotherBoard/I2c.c ****     TWCR = (1<<TWEN) | (1<<TWINT);
 156               	.LM6:
 157 0014 84E8      		ldi r24,lo8(-124)
 158 0016 8093 BC00 		sts 188,r24
 159               	.L7:
  25:/Users/morgan/Documents/ProjetTondeuse/CarteMere/LawnMower_MotherBoard/LawnMower_MotherBoard/I2c.c ****     while (!(TWCR & (1<<TWINT)));
 161               	.LM7:
 162 001a 8091 BC00 		lds r24,188
 163 001e 87FF      		sbrs r24,7
 164 0020 00C0      		rjmp .L7
 165               	/* epilogue start */
  26:/Users/morgan/Documents/ProjetTondeuse/CarteMere/LawnMower_MotherBoard/LawnMower_MotherBoard/I2c.c **** }
 167               	.LM8:
 168 0022 0895      		ret
 170               	.Lscope2:
 173               	.global	I2C_write_data
 175               	I2C_write_data:
  27:/Users/morgan/Documents/ProjetTondeuse/CarteMere/LawnMower_MotherBoard/LawnMower_MotherBoard/I2c.c **** 
  28:/Users/morgan/Documents/ProjetTondeuse/CarteMere/LawnMower_MotherBoard/LawnMower_MotherBoard/I2c.c **** void I2C_write_data(uint8_t dataToSend)
  29:/Users/morgan/Documents/ProjetTondeuse/CarteMere/LawnMower_MotherBoard/LawnMower_MotherBoard/I2c.c **** {
 177               	.LM9:
 178               	.LFBB3:
 179               	/* prologue: function */
 180               	/* frame size = 0 */
 181               	/* stack size = 0 */
 182               	.L__stack_usage = 0
  30:/Users/morgan/Documents/ProjetTondeuse/CarteMere/LawnMower_MotherBoard/LawnMower_MotherBoard/I2c.c ****     TWDR = dataToSend;
 184               	.LM10:
 185 0024 8093 BB00 		sts 187,r24
  31:/Users/morgan/Documents/ProjetTondeuse/CarteMere/LawnMower_MotherBoard/LawnMower_MotherBoard/I2c.c ****     TWCR = (1<<TWEN) | (1<<TWINT);
 187               	.LM11:
 188 0028 84E8      		ldi r24,lo8(-124)
 189 002a 8093 BC00 		sts 188,r24
 190               	.L10:
  32:/Users/morgan/Documents/ProjetTondeuse/CarteMere/LawnMower_MotherBoard/LawnMower_MotherBoard/I2c.c ****     while (!(TWCR & (1<<TWINT)));
 192               	.LM12:
 193 002e 8091 BC00 		lds r24,188
 194 0032 87FF      		sbrs r24,7
 195 0034 00C0      		rjmp .L10
 196               	/* epilogue start */
  33:/Users/morgan/Documents/ProjetTondeuse/CarteMere/LawnMower_MotherBoard/LawnMower_MotherBoard/I2c.c **** }
 198               	.LM13:
 199 0036 0895      		ret
 201               	.Lscope3:
 204               	.global	I2C_read
 206               	I2C_read:
  34:/Users/morgan/Documents/ProjetTondeuse/CarteMere/LawnMower_MotherBoard/LawnMower_MotherBoard/I2c.c **** 
  35:/Users/morgan/Documents/ProjetTondeuse/CarteMere/LawnMower_MotherBoard/LawnMower_MotherBoard/I2c.c **** uint8_t I2C_read(uint8_t addrSlave)
  36:/Users/morgan/Documents/ProjetTondeuse/CarteMere/LawnMower_MotherBoard/LawnMower_MotherBoard/I2c.c **** {
 208               	.LM14:
 209               	.LFBB4:
 210               	/* prologue: function */
 211               	/* frame size = 0 */
 212               	/* stack size = 0 */
 213               	.L__stack_usage = 0
  37:/Users/morgan/Documents/ProjetTondeuse/CarteMere/LawnMower_MotherBoard/LawnMower_MotherBoard/I2c.c ****     TWDR = addrSlave + I2C_READ;
 215               	.LM15:
 216 0038 8F5F      		subi r24,lo8(-(1))
 217 003a 8093 BB00 		sts 187,r24
  38:/Users/morgan/Documents/ProjetTondeuse/CarteMere/LawnMower_MotherBoard/LawnMower_MotherBoard/I2c.c ****     TWCR = (1<<TWEN) | (1<<TWINT);
 219               	.LM16:
 220 003e 84E8      		ldi r24,lo8(-124)
 221 0040 8093 BC00 		sts 188,r24
 222               	.L13:
  39:/Users/morgan/Documents/ProjetTondeuse/CarteMere/LawnMower_MotherBoard/LawnMower_MotherBoard/I2c.c ****     while (!(TWCR & (1<<TWINT)));
 224               	.LM17:
 225 0044 8091 BC00 		lds r24,188
 226 0048 87FF      		sbrs r24,7
 227 004a 00C0      		rjmp .L13
  40:/Users/morgan/Documents/ProjetTondeuse/CarteMere/LawnMower_MotherBoard/LawnMower_MotherBoard/I2c.c ****     return TWDR;
 229               	.LM18:
 230 004c 8091 BB00 		lds r24,187
  41:/Users/morgan/Documents/ProjetTondeuse/CarteMere/LawnMower_MotherBoard/LawnMower_MotherBoard/I2c.c **** }
 232               	.LM19:
 233 0050 0895      		ret
 235               	.Lscope4:
 237               	.global	I2C_repeat_start
 239               	I2C_repeat_start:
  42:/Users/morgan/Documents/ProjetTondeuse/CarteMere/LawnMower_MotherBoard/LawnMower_MotherBoard/I2c.c **** 
  43:/Users/morgan/Documents/ProjetTondeuse/CarteMere/LawnMower_MotherBoard/LawnMower_MotherBoard/I2c.c **** void I2C_repeat_start()
  44:/Users/morgan/Documents/ProjetTondeuse/CarteMere/LawnMower_MotherBoard/LawnMower_MotherBoard/I2c.c **** {
 241               	.LM20:
 242               	.LFBB5:
 243               	/* prologue: function */
 244               	/* frame size = 0 */
 245               	/* stack size = 0 */
 246               	.L__stack_usage = 0
  45:/Users/morgan/Documents/ProjetTondeuse/CarteMere/LawnMower_MotherBoard/LawnMower_MotherBoard/I2c.c ****     I2C_start();
 248               	.LM21:
 249 0052 0C94 0000 		jmp I2C_start
 251               	.Lscope5:
 253               	.global	I2C_stop
 255               	I2C_stop:
  46:/Users/morgan/Documents/ProjetTondeuse/CarteMere/LawnMower_MotherBoard/LawnMower_MotherBoard/I2c.c **** }
  47:/Users/morgan/Documents/ProjetTondeuse/CarteMere/LawnMower_MotherBoard/LawnMower_MotherBoard/I2c.c **** 
  48:/Users/morgan/Documents/ProjetTondeuse/CarteMere/LawnMower_MotherBoard/LawnMower_MotherBoard/I2c.c **** void I2C_stop()
  49:/Users/morgan/Documents/ProjetTondeuse/CarteMere/LawnMower_MotherBoard/LawnMower_MotherBoard/I2c.c **** {
 257               	.LM22:
 258               	.LFBB6:
 259               	/* prologue: function */
 260               	/* frame size = 0 */
 261               	/* stack size = 0 */
 262               	.L__stack_usage = 0
  50:/Users/morgan/Documents/ProjetTondeuse/CarteMere/LawnMower_MotherBoard/LawnMower_MotherBoard/I2c.c ****     TWCR = (1<<TWINT) | (1<<TWSTO) | (1<<TWEN);
 264               	.LM23:
 265 0056 84E9      		ldi r24,lo8(-108)
 266 0058 8093 BC00 		sts 188,r24
 267 005c 0895      		ret
 269               	.Lscope6:
 270               		.comm	etatBlade,2,1
 273               	.Letext0:
 274               		.ident	"GCC: (GNU) 4.8.1"
 275               	.global __do_clear_bss
DEFINED SYMBOLS
                            *ABS*:00000000 I2c.c
/var/folders/7v/8zggs6793555zz3yx7qh3tp40000gn/T//cc7PFnUr.s:2      *ABS*:0000003e __SP_H__
/var/folders/7v/8zggs6793555zz3yx7qh3tp40000gn/T//cc7PFnUr.s:3      *ABS*:0000003d __SP_L__
/var/folders/7v/8zggs6793555zz3yx7qh3tp40000gn/T//cc7PFnUr.s:4      *ABS*:0000003f __SREG__
/var/folders/7v/8zggs6793555zz3yx7qh3tp40000gn/T//cc7PFnUr.s:5      *ABS*:00000000 __tmp_reg__
/var/folders/7v/8zggs6793555zz3yx7qh3tp40000gn/T//cc7PFnUr.s:6      *ABS*:00000001 __zero_reg__
/var/folders/7v/8zggs6793555zz3yx7qh3tp40000gn/T//cc7PFnUr.s:116    .text:00000000 I2C_start
/var/folders/7v/8zggs6793555zz3yx7qh3tp40000gn/T//cc7PFnUr.s:144    .text:00000010 I2C_write
/var/folders/7v/8zggs6793555zz3yx7qh3tp40000gn/T//cc7PFnUr.s:175    .text:00000024 I2C_write_data
/var/folders/7v/8zggs6793555zz3yx7qh3tp40000gn/T//cc7PFnUr.s:206    .text:00000038 I2C_read
/var/folders/7v/8zggs6793555zz3yx7qh3tp40000gn/T//cc7PFnUr.s:239    .text:00000052 I2C_repeat_start
/var/folders/7v/8zggs6793555zz3yx7qh3tp40000gn/T//cc7PFnUr.s:255    .text:00000056 I2C_stop
                            *COM*:00000002 etatBlade

UNDEFINED SYMBOLS
__do_clear_bss
