   1               		.file	"main.c"
   2               	__SP_H__ = 0x3e
   3               	__SP_L__ = 0x3d
   4               	__SREG__ = 0x3f
   5               	__tmp_reg__ = 0
   6               	__zero_reg__ = 1
   8               		.text
   9               	.Ltext0:
 123               		.section	.text.startup,"ax",@progbits
 125               	.global	main
 127               	main:
   1:/Users/morgan/Documents/ProjetTondeuse/CarteMere/LawnMower_MotherBoard/LawnMower_MotherBoard/main.c **** #include <stdio.h>
   2:/Users/morgan/Documents/ProjetTondeuse/CarteMere/LawnMower_MotherBoard/LawnMower_MotherBoard/main.c **** #include <util/delay.h>
   3:/Users/morgan/Documents/ProjetTondeuse/CarteMere/LawnMower_MotherBoard/LawnMower_MotherBoard/main.c **** #include <avr/wdt.h>
   4:/Users/morgan/Documents/ProjetTondeuse/CarteMere/LawnMower_MotherBoard/LawnMower_MotherBoard/main.c **** 
   5:/Users/morgan/Documents/ProjetTondeuse/CarteMere/LawnMower_MotherBoard/LawnMower_MotherBoard/main.c **** #include "constant.h"
   6:/Users/morgan/Documents/ProjetTondeuse/CarteMere/LawnMower_MotherBoard/LawnMower_MotherBoard/main.c **** #include "Initialisation.h"
   7:/Users/morgan/Documents/ProjetTondeuse/CarteMere/LawnMower_MotherBoard/LawnMower_MotherBoard/main.c **** #include "mower.h"
   8:/Users/morgan/Documents/ProjetTondeuse/CarteMere/LawnMower_MotherBoard/LawnMower_MotherBoard/main.c **** #include "status.h"
   9:/Users/morgan/Documents/ProjetTondeuse/CarteMere/LawnMower_MotherBoard/LawnMower_MotherBoard/main.c **** #include "pwm.h"
  10:/Users/morgan/Documents/ProjetTondeuse/CarteMere/LawnMower_MotherBoard/LawnMower_MotherBoard/main.c **** 
  11:/Users/morgan/Documents/ProjetTondeuse/CarteMere/LawnMower_MotherBoard/LawnMower_MotherBoard/main.c **** int main(void) {
 129               	.LM0:
 130               	.LFBB1:
 131               	/* prologue: function */
 132               	/* frame size = 0 */
 133               	/* stack size = 0 */
 134               	.L__stack_usage = 0
  12:/Users/morgan/Documents/ProjetTondeuse/CarteMere/LawnMower_MotherBoard/LawnMower_MotherBoard/main.c **** 
  13:/Users/morgan/Documents/ProjetTondeuse/CarteMere/LawnMower_MotherBoard/LawnMower_MotherBoard/main.c ****     Initialisation();
 136               	.LM1:
 137 0000 0E94 0000 		call Initialisation
  14:/Users/morgan/Documents/ProjetTondeuse/CarteMere/LawnMower_MotherBoard/LawnMower_MotherBoard/main.c **** 
  15:/Users/morgan/Documents/ProjetTondeuse/CarteMere/LawnMower_MotherBoard/LawnMower_MotherBoard/main.c **** 	while(!_uBpStart);
 139               	.LM2:
 140 0004 8091 0000 		lds r24,_uBpStart
 141 0008 8111      		cpse r24,__zero_reg__
 142 000a 00C0      		rjmp .L2
 143               	.L13:
 144 000c 00C0      		rjmp .L13
 145               	.L2:
  16:/Users/morgan/Documents/ProjetTondeuse/CarteMere/LawnMower_MotherBoard/LawnMower_MotherBoard/main.c **** 	_uBpStart = 0;
 147               	.LM3:
 148 000e 1092 0000 		sts _uBpStart,__zero_reg__
  17:/Users/morgan/Documents/ProjetTondeuse/CarteMere/LawnMower_MotherBoard/LawnMower_MotherBoard/main.c **** 	
  18:/Users/morgan/Documents/ProjetTondeuse/CarteMere/LawnMower_MotherBoard/LawnMower_MotherBoard/main.c **** 	while (1) {
  19:/Users/morgan/Documents/ProjetTondeuse/CarteMere/LawnMower_MotherBoard/LawnMower_MotherBoard/main.c **** 		wdt_reset();
  20:/Users/morgan/Documents/ProjetTondeuse/CarteMere/LawnMower_MotherBoard/LawnMower_MotherBoard/main.c **** 		STATUS_updateStatus();
  21:/Users/morgan/Documents/ProjetTondeuse/CarteMere/LawnMower_MotherBoard/LawnMower_MotherBoard/main.c **** 		STATUS_sendStatus();
  22:/Users/morgan/Documents/ProjetTondeuse/CarteMere/LawnMower_MotherBoard/LawnMower_MotherBoard/main.c **** 		MOWER_updateBladeState();
  23:/Users/morgan/Documents/ProjetTondeuse/CarteMere/LawnMower_MotherBoard/LawnMower_MotherBoard/main.c **** 		
  24:/Users/morgan/Documents/ProjetTondeuse/CarteMere/LawnMower_MotherBoard/LawnMower_MotherBoard/main.c ****         if(isDocking())
  25:/Users/morgan/Documents/ProjetTondeuse/CarteMere/LawnMower_MotherBoard/LawnMower_MotherBoard/main.c ****         {
  26:/Users/morgan/Documents/ProjetTondeuse/CarteMere/LawnMower_MotherBoard/LawnMower_MotherBoard/main.c **** 			_eEtatBlade = OFF;
  27:/Users/morgan/Documents/ProjetTondeuse/CarteMere/LawnMower_MotherBoard/LawnMower_MotherBoard/main.c **** 			
  28:/Users/morgan/Documents/ProjetTondeuse/CarteMere/LawnMower_MotherBoard/LawnMower_MotherBoard/main.c **** 			PWM_stop();
  29:/Users/morgan/Documents/ProjetTondeuse/CarteMere/LawnMower_MotherBoard/LawnMower_MotherBoard/main.c **** 			
  30:/Users/morgan/Documents/ProjetTondeuse/CarteMere/LawnMower_MotherBoard/LawnMower_MotherBoard/main.c ****             if(isCharging())
  31:/Users/morgan/Documents/ProjetTondeuse/CarteMere/LawnMower_MotherBoard/LawnMower_MotherBoard/main.c ****             {
  32:/Users/morgan/Documents/ProjetTondeuse/CarteMere/LawnMower_MotherBoard/LawnMower_MotherBoard/main.c **** 				_eEtatMower = EN_CHARGE;
  33:/Users/morgan/Documents/ProjetTondeuse/CarteMere/LawnMower_MotherBoard/LawnMower_MotherBoard/main.c **** 				
  34:/Users/morgan/Documents/ProjetTondeuse/CarteMere/LawnMower_MotherBoard/LawnMower_MotherBoard/main.c **** 				if(_uBpForceStart && (_eEtatRain == OFF)) {
  35:/Users/morgan/Documents/ProjetTondeuse/CarteMere/LawnMower_MotherBoard/LawnMower_MotherBoard/main.c **** 					_eEtatMower = TACHE_EN_COURS;
  36:/Users/morgan/Documents/ProjetTondeuse/CarteMere/LawnMower_MotherBoard/LawnMower_MotherBoard/main.c **** 					_uBpStop = 0;
  37:/Users/morgan/Documents/ProjetTondeuse/CarteMere/LawnMower_MotherBoard/LawnMower_MotherBoard/main.c **** 					_uBpForceStart = 0;	
  38:/Users/morgan/Documents/ProjetTondeuse/CarteMere/LawnMower_MotherBoard/LawnMower_MotherBoard/main.c **** 					_eErrorMower = NTR;		
  39:/Users/morgan/Documents/ProjetTondeuse/CarteMere/LawnMower_MotherBoard/LawnMower_MotherBoard/main.c **** 					
  40:/Users/morgan/Documents/ProjetTondeuse/CarteMere/LawnMower_MotherBoard/LawnMower_MotherBoard/main.c **** 					if(!(MOWER_leaveDockCharger())) {
  41:/Users/morgan/Documents/ProjetTondeuse/CarteMere/LawnMower_MotherBoard/LawnMower_MotherBoard/main.c **** 						_eErrorMower = BLOCKED_MOWER;
  42:/Users/morgan/Documents/ProjetTondeuse/CarteMere/LawnMower_MotherBoard/LawnMower_MotherBoard/main.c **** 					}
  43:/Users/morgan/Documents/ProjetTondeuse/CarteMere/LawnMower_MotherBoard/LawnMower_MotherBoard/main.c **** 				}
  44:/Users/morgan/Documents/ProjetTondeuse/CarteMere/LawnMower_MotherBoard/LawnMower_MotherBoard/main.c ****             }
  45:/Users/morgan/Documents/ProjetTondeuse/CarteMere/LawnMower_MotherBoard/LawnMower_MotherBoard/main.c ****             else if(isTimeToMow() && (_eEtatRain == OFF))
  46:/Users/morgan/Documents/ProjetTondeuse/CarteMere/LawnMower_MotherBoard/LawnMower_MotherBoard/main.c ****             {
  47:/Users/morgan/Documents/ProjetTondeuse/CarteMere/LawnMower_MotherBoard/LawnMower_MotherBoard/main.c **** 				_uBpStop = 0;
  48:/Users/morgan/Documents/ProjetTondeuse/CarteMere/LawnMower_MotherBoard/LawnMower_MotherBoard/main.c **** 				_eErrorMower = NTR;		
  49:/Users/morgan/Documents/ProjetTondeuse/CarteMere/LawnMower_MotherBoard/LawnMower_MotherBoard/main.c **** 				
  50:/Users/morgan/Documents/ProjetTondeuse/CarteMere/LawnMower_MotherBoard/LawnMower_MotherBoard/main.c ****                 if(!(MOWER_leaveDockCharger())) {
  51:/Users/morgan/Documents/ProjetTondeuse/CarteMere/LawnMower_MotherBoard/LawnMower_MotherBoard/main.c **** 					_eErrorMower = BLOCKED_MOWER;
  52:/Users/morgan/Documents/ProjetTondeuse/CarteMere/LawnMower_MotherBoard/LawnMower_MotherBoard/main.c **** 				}
  53:/Users/morgan/Documents/ProjetTondeuse/CarteMere/LawnMower_MotherBoard/LawnMower_MotherBoard/main.c ****             }
  54:/Users/morgan/Documents/ProjetTondeuse/CarteMere/LawnMower_MotherBoard/LawnMower_MotherBoard/main.c **** 			else
  55:/Users/morgan/Documents/ProjetTondeuse/CarteMere/LawnMower_MotherBoard/LawnMower_MotherBoard/main.c **** 				_eEtatMower = PAS_DE_TACHE_EN_COURS;
  56:/Users/morgan/Documents/ProjetTondeuse/CarteMere/LawnMower_MotherBoard/LawnMower_MotherBoard/main.c ****         }
  57:/Users/morgan/Documents/ProjetTondeuse/CarteMere/LawnMower_MotherBoard/LawnMower_MotherBoard/main.c **** 		else if(_uBpStart && (!_uBpStop)) {
  58:/Users/morgan/Documents/ProjetTondeuse/CarteMere/LawnMower_MotherBoard/LawnMower_MotherBoard/main.c **** 			_eEtatMower = PAUSE;
  59:/Users/morgan/Documents/ProjetTondeuse/CarteMere/LawnMower_MotherBoard/LawnMower_MotherBoard/main.c **** 			_eEtatBlade = OFF;
  60:/Users/morgan/Documents/ProjetTondeuse/CarteMere/LawnMower_MotherBoard/LawnMower_MotherBoard/main.c **** 			_eErrorMower = NTR;
  61:/Users/morgan/Documents/ProjetTondeuse/CarteMere/LawnMower_MotherBoard/LawnMower_MotherBoard/main.c **** 			
  62:/Users/morgan/Documents/ProjetTondeuse/CarteMere/LawnMower_MotherBoard/LawnMower_MotherBoard/main.c **** 			PWM_stop();
  63:/Users/morgan/Documents/ProjetTondeuse/CarteMere/LawnMower_MotherBoard/LawnMower_MotherBoard/main.c **** 		}
  64:/Users/morgan/Documents/ProjetTondeuse/CarteMere/LawnMower_MotherBoard/LawnMower_MotherBoard/main.c **** 		else if(isEnoughCharged() == -1) {
  65:/Users/morgan/Documents/ProjetTondeuse/CarteMere/LawnMower_MotherBoard/LawnMower_MotherBoard/main.c **** 			_eEtatBlade = OFF;
  66:/Users/morgan/Documents/ProjetTondeuse/CarteMere/LawnMower_MotherBoard/LawnMower_MotherBoard/main.c **** 			_eEtatMower = RETOUR_STATION;
  67:/Users/morgan/Documents/ProjetTondeuse/CarteMere/LawnMower_MotherBoard/LawnMower_MotherBoard/main.c **** 			
  68:/Users/morgan/Documents/ProjetTondeuse/CarteMere/LawnMower_MotherBoard/LawnMower_MotherBoard/main.c **** 			PWM_stop();
  69:/Users/morgan/Documents/ProjetTondeuse/CarteMere/LawnMower_MotherBoard/LawnMower_MotherBoard/main.c **** 		}
  70:/Users/morgan/Documents/ProjetTondeuse/CarteMere/LawnMower_MotherBoard/LawnMower_MotherBoard/main.c ****         else if(isEnoughCharged() && (!isRaining()) && isTimeToMow() && (!(_uBpStart && _uBpStop)))
  71:/Users/morgan/Documents/ProjetTondeuse/CarteMere/LawnMower_MotherBoard/LawnMower_MotherBoard/main.c ****         {
  72:/Users/morgan/Documents/ProjetTondeuse/CarteMere/LawnMower_MotherBoard/LawnMower_MotherBoard/main.c **** 			_eEtatMower = TACHE_EN_COURS;
  73:/Users/morgan/Documents/ProjetTondeuse/CarteMere/LawnMower_MotherBoard/LawnMower_MotherBoard/main.c **** 			_eEtatBlade = ON;
  74:/Users/morgan/Documents/ProjetTondeuse/CarteMere/LawnMower_MotherBoard/LawnMower_MotherBoard/main.c **** 						
  75:/Users/morgan/Documents/ProjetTondeuse/CarteMere/LawnMower_MotherBoard/LawnMower_MotherBoard/main.c ****             MOWER_startMower();
  76:/Users/morgan/Documents/ProjetTondeuse/CarteMere/LawnMower_MotherBoard/LawnMower_MotherBoard/main.c ****         }
  77:/Users/morgan/Documents/ProjetTondeuse/CarteMere/LawnMower_MotherBoard/LawnMower_MotherBoard/main.c ****         else
  78:/Users/morgan/Documents/ProjetTondeuse/CarteMere/LawnMower_MotherBoard/LawnMower_MotherBoard/main.c ****         {
  79:/Users/morgan/Documents/ProjetTondeuse/CarteMere/LawnMower_MotherBoard/LawnMower_MotherBoard/main.c **** 			_eEtatMower = RETOUR_STATION;
 150               	.LM4:
 151 0012 02E0      		ldi r16,lo8(2)
  80:/Users/morgan/Documents/ProjetTondeuse/CarteMere/LawnMower_MotherBoard/LawnMower_MotherBoard/main.c **** 			_eEtatBlade = OFF;
 153               	.LM5:
 154 0014 C1E0      		ldi r28,lo8(1)
  58:/Users/morgan/Documents/ProjetTondeuse/CarteMere/LawnMower_MotherBoard/LawnMower_MotherBoard/main.c **** 			_eEtatMower = PAUSE;
 156               	.LM6:
 157 0016 85E0      		ldi r24,lo8(5)
 158 0018 F82E      		mov r15,r24
  60:/Users/morgan/Documents/ProjetTondeuse/CarteMere/LawnMower_MotherBoard/LawnMower_MotherBoard/main.c **** 			_eErrorMower = NTR;
 160               	.LM7:
 161 001a D8E0      		ldi r29,lo8(8)
  55:/Users/morgan/Documents/ProjetTondeuse/CarteMere/LawnMower_MotherBoard/LawnMower_MotherBoard/main.c **** 				_eEtatMower = PAS_DE_TACHE_EN_COURS;
 163               	.LM8:
 164 001c 94E0      		ldi r25,lo8(4)
 165 001e E92E      		mov r14,r25
  51:/Users/morgan/Documents/ProjetTondeuse/CarteMere/LawnMower_MotherBoard/LawnMower_MotherBoard/main.c **** 					_eErrorMower = BLOCKED_MOWER;
 167               	.LM9:
 168 0020 19E0      		ldi r17,lo8(9)
  32:/Users/morgan/Documents/ProjetTondeuse/CarteMere/LawnMower_MotherBoard/LawnMower_MotherBoard/main.c **** 				_eEtatMower = EN_CHARGE;
 170               	.LM10:
 171 0022 23E0      		ldi r18,lo8(3)
 172 0024 D22E      		mov r13,r18
 173               	.L4:
  19:/Users/morgan/Documents/ProjetTondeuse/CarteMere/LawnMower_MotherBoard/LawnMower_MotherBoard/main.c **** 		wdt_reset();
 175               	.LM11:
 176               	/* #APP */
 177               	 ;  19 "/Users/morgan/Documents/ProjetTondeuse/CarteMere/LawnMower_MotherBoard/LawnMower_MotherBoar
 178 0026 A895      		wdr
 179               	 ;  0 "" 2
  20:/Users/morgan/Documents/ProjetTondeuse/CarteMere/LawnMower_MotherBoard/LawnMower_MotherBoard/main.c **** 		STATUS_updateStatus();
 181               	.LM12:
 182               	/* #NOAPP */
 183 0028 0E94 0000 		call STATUS_updateStatus
  21:/Users/morgan/Documents/ProjetTondeuse/CarteMere/LawnMower_MotherBoard/LawnMower_MotherBoard/main.c **** 		STATUS_sendStatus();
 185               	.LM13:
 186 002c 0E94 0000 		call STATUS_sendStatus
  22:/Users/morgan/Documents/ProjetTondeuse/CarteMere/LawnMower_MotherBoard/LawnMower_MotherBoard/main.c **** 		MOWER_updateBladeState();
 188               	.LM14:
 189 0030 0E94 0000 		call MOWER_updateBladeState
  24:/Users/morgan/Documents/ProjetTondeuse/CarteMere/LawnMower_MotherBoard/LawnMower_MotherBoard/main.c ****         if(isDocking())
 191               	.LM15:
 192 0034 0E94 0000 		call isDocking
 193 0038 8823      		tst r24
 194 003a 01F0      		breq .L5
  26:/Users/morgan/Documents/ProjetTondeuse/CarteMere/LawnMower_MotherBoard/LawnMower_MotherBoard/main.c **** 			_eEtatBlade = OFF;
 196               	.LM16:
 197 003c C093 0000 		sts _eEtatBlade,r28
  28:/Users/morgan/Documents/ProjetTondeuse/CarteMere/LawnMower_MotherBoard/LawnMower_MotherBoard/main.c **** 			PWM_stop();
 199               	.LM17:
 200 0040 0E94 0000 		call PWM_stop
  30:/Users/morgan/Documents/ProjetTondeuse/CarteMere/LawnMower_MotherBoard/LawnMower_MotherBoard/main.c ****             if(isCharging())
 202               	.LM18:
 203 0044 0E94 0000 		call isCharging
 204 0048 8823      		tst r24
 205 004a 01F0      		breq .L6
  32:/Users/morgan/Documents/ProjetTondeuse/CarteMere/LawnMower_MotherBoard/LawnMower_MotherBoard/main.c **** 				_eEtatMower = EN_CHARGE;
 207               	.LM19:
 208 004c D092 0000 		sts _eEtatMower,r13
  34:/Users/morgan/Documents/ProjetTondeuse/CarteMere/LawnMower_MotherBoard/LawnMower_MotherBoard/main.c **** 				if(_uBpForceStart && (_eEtatRain == OFF)) {
 210               	.LM20:
 211 0050 8091 0000 		lds r24,_uBpForceStart
 212 0054 8823      		tst r24
 213 0056 01F0      		breq .L4
  34:/Users/morgan/Documents/ProjetTondeuse/CarteMere/LawnMower_MotherBoard/LawnMower_MotherBoard/main.c **** 				if(_uBpForceStart && (_eEtatRain == OFF)) {
 215               	.LM21:
 216 0058 8091 0000 		lds r24,_eEtatRain
 217 005c 8130      		cpi r24,lo8(1)
 218 005e 01F4      		brne .L4
  35:/Users/morgan/Documents/ProjetTondeuse/CarteMere/LawnMower_MotherBoard/LawnMower_MotherBoard/main.c **** 					_eEtatMower = TACHE_EN_COURS;
 220               	.LM22:
 221 0060 8093 0000 		sts _eEtatMower,r24
  36:/Users/morgan/Documents/ProjetTondeuse/CarteMere/LawnMower_MotherBoard/LawnMower_MotherBoard/main.c **** 					_uBpStop = 0;
 223               	.LM23:
 224 0064 1092 0000 		sts _uBpStop,__zero_reg__
  37:/Users/morgan/Documents/ProjetTondeuse/CarteMere/LawnMower_MotherBoard/LawnMower_MotherBoard/main.c **** 					_uBpForceStart = 0;	
 226               	.LM24:
 227 0068 1092 0000 		sts _uBpForceStart,__zero_reg__
 228 006c 00C0      		rjmp .L34
 229               	.L6:
  45:/Users/morgan/Documents/ProjetTondeuse/CarteMere/LawnMower_MotherBoard/LawnMower_MotherBoard/main.c ****             else if(isTimeToMow() && (_eEtatRain == OFF))
 231               	.LM25:
 232 006e 0E94 0000 		call isTimeToMow
 233 0072 8823      		tst r24
 234 0074 01F0      		breq .L9
  45:/Users/morgan/Documents/ProjetTondeuse/CarteMere/LawnMower_MotherBoard/LawnMower_MotherBoard/main.c ****             else if(isTimeToMow() && (_eEtatRain == OFF))
 236               	.LM26:
 237 0076 8091 0000 		lds r24,_eEtatRain
 238 007a 8130      		cpi r24,lo8(1)
 239 007c 01F4      		brne .L9
  47:/Users/morgan/Documents/ProjetTondeuse/CarteMere/LawnMower_MotherBoard/LawnMower_MotherBoard/main.c **** 				_uBpStop = 0;
 241               	.LM27:
 242 007e 1092 0000 		sts _uBpStop,__zero_reg__
 243               	.L34:
  48:/Users/morgan/Documents/ProjetTondeuse/CarteMere/LawnMower_MotherBoard/LawnMower_MotherBoard/main.c **** 				_eErrorMower = NTR;		
 245               	.LM28:
 246 0082 D093 0000 		sts _eErrorMower,r29
  50:/Users/morgan/Documents/ProjetTondeuse/CarteMere/LawnMower_MotherBoard/LawnMower_MotherBoard/main.c ****                 if(!(MOWER_leaveDockCharger())) {
 248               	.LM29:
 249 0086 0E94 0000 		call MOWER_leaveDockCharger
 250 008a 8111      		cpse r24,__zero_reg__
 251 008c 00C0      		rjmp .L4
  51:/Users/morgan/Documents/ProjetTondeuse/CarteMere/LawnMower_MotherBoard/LawnMower_MotherBoard/main.c **** 					_eErrorMower = BLOCKED_MOWER;
 253               	.LM30:
 254 008e 1093 0000 		sts _eErrorMower,r17
 255 0092 00C0      		rjmp .L4
 256               	.L9:
  55:/Users/morgan/Documents/ProjetTondeuse/CarteMere/LawnMower_MotherBoard/LawnMower_MotherBoard/main.c **** 				_eEtatMower = PAS_DE_TACHE_EN_COURS;
 258               	.LM31:
 259 0094 E092 0000 		sts _eEtatMower,r14
 260 0098 00C0      		rjmp .L4
 261               	.L5:
  57:/Users/morgan/Documents/ProjetTondeuse/CarteMere/LawnMower_MotherBoard/LawnMower_MotherBoard/main.c **** 		else if(_uBpStart && (!_uBpStop)) {
 263               	.LM32:
 264 009a 8091 0000 		lds r24,_uBpStart
 265 009e 8823      		tst r24
 266 00a0 01F0      		breq .L10
  57:/Users/morgan/Documents/ProjetTondeuse/CarteMere/LawnMower_MotherBoard/LawnMower_MotherBoard/main.c **** 		else if(_uBpStart && (!_uBpStop)) {
 268               	.LM33:
 269 00a2 8091 0000 		lds r24,_uBpStop
 270 00a6 8111      		cpse r24,__zero_reg__
 271 00a8 00C0      		rjmp .L10
  58:/Users/morgan/Documents/ProjetTondeuse/CarteMere/LawnMower_MotherBoard/LawnMower_MotherBoard/main.c **** 			_eEtatMower = PAUSE;
 273               	.LM34:
 274 00aa F092 0000 		sts _eEtatMower,r15
  59:/Users/morgan/Documents/ProjetTondeuse/CarteMere/LawnMower_MotherBoard/LawnMower_MotherBoard/main.c **** 			_eEtatBlade = OFF;
 276               	.LM35:
 277 00ae C093 0000 		sts _eEtatBlade,r28
  60:/Users/morgan/Documents/ProjetTondeuse/CarteMere/LawnMower_MotherBoard/LawnMower_MotherBoard/main.c **** 			_eErrorMower = NTR;
 279               	.LM36:
 280 00b2 D093 0000 		sts _eErrorMower,r29
  62:/Users/morgan/Documents/ProjetTondeuse/CarteMere/LawnMower_MotherBoard/LawnMower_MotherBoard/main.c **** 			PWM_stop();
 282               	.LM37:
 283 00b6 0E94 0000 		call PWM_stop
 284 00ba 00C0      		rjmp .L4
 285               	.L10:
  64:/Users/morgan/Documents/ProjetTondeuse/CarteMere/LawnMower_MotherBoard/LawnMower_MotherBoard/main.c **** 		else if(isEnoughCharged() == -1) {
 287               	.LM38:
 288 00bc 0E94 0000 		call isEnoughCharged
  70:/Users/morgan/Documents/ProjetTondeuse/CarteMere/LawnMower_MotherBoard/LawnMower_MotherBoard/main.c ****         else if(isEnoughCharged() && (!isRaining()) && isTimeToMow() && (!(_uBpStart && _uBpStop)))
 290               	.LM39:
 291 00c0 0E94 0000 		call isEnoughCharged
 292 00c4 8823      		tst r24
 293 00c6 01F0      		breq .L11
  70:/Users/morgan/Documents/ProjetTondeuse/CarteMere/LawnMower_MotherBoard/LawnMower_MotherBoard/main.c ****         else if(isEnoughCharged() && (!isRaining()) && isTimeToMow() && (!(_uBpStart && _uBpStop)))
 295               	.LM40:
 296 00c8 0E94 0000 		call isRaining
 297 00cc 8111      		cpse r24,__zero_reg__
 298 00ce 00C0      		rjmp .L11
 299 00d0 0E94 0000 		call isTimeToMow
 300 00d4 8823      		tst r24
 301 00d6 01F0      		breq .L11
 302 00d8 8091 0000 		lds r24,_uBpStart
 303 00dc 8823      		tst r24
 304 00de 01F0      		breq .L12
 305 00e0 8091 0000 		lds r24,_uBpStop
 306 00e4 8111      		cpse r24,__zero_reg__
 307 00e6 00C0      		rjmp .L11
 308               	.L12:
  72:/Users/morgan/Documents/ProjetTondeuse/CarteMere/LawnMower_MotherBoard/LawnMower_MotherBoard/main.c **** 			_eEtatMower = TACHE_EN_COURS;
 310               	.LM41:
 311 00e8 C093 0000 		sts _eEtatMower,r28
  73:/Users/morgan/Documents/ProjetTondeuse/CarteMere/LawnMower_MotherBoard/LawnMower_MotherBoard/main.c **** 			_eEtatBlade = ON;
 313               	.LM42:
 314 00ec 1092 0000 		sts _eEtatBlade,__zero_reg__
  75:/Users/morgan/Documents/ProjetTondeuse/CarteMere/LawnMower_MotherBoard/LawnMower_MotherBoard/main.c ****             MOWER_startMower();
 316               	.LM43:
 317 00f0 0E94 0000 		call MOWER_startMower
 318 00f4 00C0      		rjmp .L4
 319               	.L11:
  79:/Users/morgan/Documents/ProjetTondeuse/CarteMere/LawnMower_MotherBoard/LawnMower_MotherBoard/main.c **** 			_eEtatMower = RETOUR_STATION;
 321               	.LM44:
 322 00f6 0093 0000 		sts _eEtatMower,r16
 324               	.LM45:
 325 00fa C093 0000 		sts _eEtatBlade,r28
  81:/Users/morgan/Documents/ProjetTondeuse/CarteMere/LawnMower_MotherBoard/LawnMower_MotherBoard/main.c **** 			
  82:/Users/morgan/Documents/ProjetTondeuse/CarteMere/LawnMower_MotherBoard/LawnMower_MotherBoard/main.c ****             MOWER_goDockCharger();
 327               	.LM46:
 328 00fe 0E94 0000 		call MOWER_goDockCharger
  83:/Users/morgan/Documents/ProjetTondeuse/CarteMere/LawnMower_MotherBoard/LawnMower_MotherBoard/main.c **** 			
  84:/Users/morgan/Documents/ProjetTondeuse/CarteMere/LawnMower_MotherBoard/LawnMower_MotherBoard/main.c **** 			_uBpStop = 0;
 330               	.LM47:
 331 0102 1092 0000 		sts _uBpStop,__zero_reg__
  85:/Users/morgan/Documents/ProjetTondeuse/CarteMere/LawnMower_MotherBoard/LawnMower_MotherBoard/main.c **** 			_uBpStart = 0;
 333               	.LM48:
 334 0106 1092 0000 		sts _uBpStart,__zero_reg__
 335 010a 00C0      		rjmp .L4
 337               	.Lscope1:
 338               		.comm	_eCommandMower,1,1
 339               		.comm	_eErrorMower,1,1
 340               		.comm	_eEtatMower,1,1
 341               		.comm	_eEtatRain,1,1
 342               		.comm	_eEtatBlade,1,1
 343               		.comm	_FlagError,1,1
 344               		.comm	_uFlagWatchdog,1,1
 345               		.comm	_uWireReached,1,1
 346               		.comm	_uBpStop,1,1
 347               		.comm	_uBpForceStart,1,1
 348               		.comm	_uBpStart,1,1
 349               		.comm	_uBattery,1,1
 350               		.comm	_uDate,1,1
 351               		.comm	_uTime,1,1
 366               		.text
 368               	.Letext0:
 369               		.ident	"GCC: (GNU) 4.8.1"
 370               	.global __do_clear_bss
DEFINED SYMBOLS
                            *ABS*:00000000 main.c
/var/folders/7v/8zggs6793555zz3yx7qh3tp40000gn/T//cc19t0nc.s:2      *ABS*:0000003e __SP_H__
/var/folders/7v/8zggs6793555zz3yx7qh3tp40000gn/T//cc19t0nc.s:3      *ABS*:0000003d __SP_L__
/var/folders/7v/8zggs6793555zz3yx7qh3tp40000gn/T//cc19t0nc.s:4      *ABS*:0000003f __SREG__
/var/folders/7v/8zggs6793555zz3yx7qh3tp40000gn/T//cc19t0nc.s:5      *ABS*:00000000 __tmp_reg__
/var/folders/7v/8zggs6793555zz3yx7qh3tp40000gn/T//cc19t0nc.s:6      *ABS*:00000001 __zero_reg__
/var/folders/7v/8zggs6793555zz3yx7qh3tp40000gn/T//cc19t0nc.s:127    .text.startup:00000000 main
                            *COM*:00000001 _uBpStart
                            *COM*:00000001 _eEtatBlade
                            *COM*:00000001 _eEtatMower
                            *COM*:00000001 _uBpForceStart
                            *COM*:00000001 _eEtatRain
                            *COM*:00000001 _uBpStop
                            *COM*:00000001 _eErrorMower
                            *COM*:00000001 _eCommandMower
                            *COM*:00000001 _FlagError
                            *COM*:00000001 _uFlagWatchdog
                            *COM*:00000001 _uWireReached
                            *COM*:00000001 _uBattery
                            *COM*:00000001 _uDate
                            *COM*:00000001 _uTime

UNDEFINED SYMBOLS
Initialisation
STATUS_updateStatus
STATUS_sendStatus
MOWER_updateBladeState
isDocking
PWM_stop
isCharging
isTimeToMow
MOWER_leaveDockCharger
isEnoughCharged
isRaining
MOWER_startMower
MOWER_goDockCharger
__do_clear_bss
